2024-04-03T13:41:11,411 [main] INFO  (ConfigurationReader.java:19) - Loading the property file...
2024-04-03T13:41:11,416 [main] INFO  (ConfigurationReader.java:57) - Getting the property key {browserType} from the property file
2024-04-03T13:41:11,417 [main] INFO  (Driver.java:29) - Getting a driver instance
2024-04-03T13:41:11,417 [main] INFO  (Driver.java:34) - Starting a firefox browser
2024-04-03T13:41:16,480 [main] INFO  (ConfigurationReader.java:57) - Getting the property key {browserType} from the property file
2024-04-03T13:41:16,480 [main] INFO  (Driver.java:29) - Getting a driver instance
2024-04-03T13:41:17,578 [main] INFO  (HomePage.java:32) - Getting the Home Page Company Logo
2024-04-03T13:41:17,633 [main] INFO  (ConfigurationReader.java:57) - Getting the property key {browserType} from the property file
2024-04-03T13:41:17,633 [main] INFO  (Driver.java:29) - Getting a driver instance
2024-04-03T13:41:17,670 [main] INFO  (Driver.java:71) - Closing the browser
2024-04-03T13:46:10,505 [main] INFO  (ConfigurationReader.java:19) - Loading the property file...
2024-04-03T13:46:10,516 [main] INFO  (ConfigurationReader.java:57) - Getting the property key {browserType} from the property file
2024-04-03T13:46:10,517 [main] INFO  (Driver.java:29) - Getting a driver instance
2024-04-03T13:46:10,518 [main] INFO  (Driver.java:34) - Starting a firefox browser
2024-04-03T13:46:13,096 [main] INFO  (ConfigurationReader.java:19) - Loading the property file...
2024-04-03T13:46:13,102 [main] INFO  (ConfigurationReader.java:57) - Getting the property key {browserType} from the property file
2024-04-03T13:46:13,103 [main] INFO  (Driver.java:29) - Getting a driver instance
2024-04-03T13:46:13,103 [main] INFO  (Driver.java:34) - Starting a firefox browser
2024-04-03T13:46:15,923 [main] INFO  (ConfigurationReader.java:57) - Getting the property key {browserType} from the property file
2024-04-03T13:46:15,923 [main] INFO  (Driver.java:29) - Getting a driver instance
2024-04-03T13:46:17,322 [main] INFO  (HomePage.java:32) - Getting the Home Page Company Logo
2024-04-03T13:46:17,407 [main] INFO  (ConfigurationReader.java:57) - Getting the property key {browserType} from the property file
2024-04-03T13:46:17,408 [main] INFO  (Driver.java:29) - Getting a driver instance
2024-04-03T13:46:17,559 [main] INFO  (Driver.java:71) - Closing the browser
2024-04-03T13:46:18,229 [main] INFO  (ConfigurationReader.java:57) - Getting the property key {browserType} from the property file
2024-04-03T13:46:18,230 [main] INFO  (Driver.java:29) - Getting a driver instance
2024-04-03T13:46:19,057 [main] INFO  (HomePage.java:32) - Getting the Home Page Company Logo
2024-04-03T13:46:19,153 [main] INFO  (ConfigurationReader.java:57) - Getting the property key {browserType} from the property file
2024-04-03T13:46:19,154 [main] INFO  (Driver.java:29) - Getting a driver instance
2024-04-03T13:46:19,214 [main] INFO  (Driver.java:71) - Closing the browser
2024-04-03T13:48:40,412 [main] INFO  (ConfigurationReader.java:19) - Loading the property file...
2024-04-03T13:48:40,417 [main] INFO  (ConfigurationReader.java:57) - Getting the property key {browserType} from the property file
2024-04-03T13:48:40,418 [main] INFO  (Driver.java:29) - Getting a driver instance
2024-04-03T13:48:40,418 [main] INFO  (Driver.java:34) - Starting a firefox browser
2024-04-03T13:48:44,631 [main] INFO  (ConfigurationReader.java:57) - Getting the property key {browserType} from the property file
2024-04-03T13:48:44,631 [main] INFO  (Driver.java:29) - Getting a driver instance
2024-04-03T13:48:45,943 [main] INFO  (HomePage.java:32) - Getting the Home Page Company Logo
2024-04-03T13:48:46,000 [main] INFO  (ConfigurationReader.java:57) - Getting the property key {browserType} from the property file
2024-04-03T13:48:46,000 [main] INFO  (Driver.java:29) - Getting a driver instance
2024-04-03T13:48:46,069 [main] INFO  (Driver.java:71) - Closing the browser
2024-04-03T13:49:54,468 [main] INFO  (ConfigurationReader.java:19) - Loading the property file...
2024-04-03T13:49:54,472 [main] INFO  (ConfigurationReader.java:57) - Getting the property key {browserType} from the property file
2024-04-03T13:49:54,473 [main] INFO  (Driver.java:29) - Getting a driver instance
2024-04-03T13:49:54,473 [main] INFO  (Driver.java:34) - Starting a firefox browser
2024-04-03T13:49:58,586 [main] INFO  (ConfigurationReader.java:57) - Getting the property key {browserType} from the property file
2024-04-03T13:49:58,586 [main] INFO  (Driver.java:29) - Getting a driver instance
2024-04-03T13:49:59,992 [main] INFO  (HomePage.java:32) - Getting the Home Page Company Logo
2024-04-03T13:50:00,066 [main] INFO  (ConfigurationReader.java:57) - Getting the property key {browserType} from the property file
2024-04-03T13:50:00,066 [main] INFO  (Driver.java:29) - Getting a driver instance
2024-04-03T13:50:00,100 [main] INFO  (Driver.java:71) - Closing the browser
2024-04-03T13:52:19,341 [main] INFO  (Driver.java:71) - Closing the browser
2024-04-03T13:54:07,778 [main] INFO  (ConfigurationReader.java:19) - Loading the property file...
2024-04-03T13:54:07,786 [main] INFO  (ConfigurationReader.java:57) - Getting the property key {browserType} from the property file
2024-04-03T13:54:07,787 [main] INFO  (Driver.java:29) - Getting a driver instance
2024-04-03T13:54:07,787 [main] INFO  (Driver.java:34) - Starting a firefox browser
2024-04-03T13:54:11,797 [main] INFO  (ConfigurationReader.java:57) - Getting the property key {browserType} from the property file
2024-04-03T13:54:11,798 [main] INFO  (Driver.java:29) - Getting a driver instance
2024-04-03T13:54:13,242 [main] INFO  (HomePage.java:32) - Getting the Home Page Company Logo
2024-04-03T13:54:13,289 [main] INFO  (ConfigurationReader.java:57) - Getting the property key {browserType} from the property file
2024-04-03T13:54:13,290 [main] INFO  (Driver.java:29) - Getting a driver instance
2024-04-03T13:54:13,337 [main] INFO  (Driver.java:71) - Closing the browser
2024-04-03T14:06:54,915 [main] INFO  (ConfigurationReader.java:19) - Loading the property file...
2024-04-03T14:06:54,922 [main] INFO  (ConfigurationReader.java:57) - Getting the property key {browserType} from the property file
2024-04-03T14:06:54,922 [main] INFO  (Driver.java:29) - Getting a driver instance
2024-04-03T14:06:54,923 [main] INFO  (Driver.java:34) - Starting a firefox browser
2024-04-03T14:07:00,683 [main] INFO  (ConfigurationReader.java:57) - Getting the property key {browserType} from the property file
2024-04-03T14:07:00,684 [main] INFO  (Driver.java:29) - Getting a driver instance
2024-04-03T14:07:02,183 [main] INFO  (HomePage.java:32) - Getting the Home Page Company Logo
2024-04-03T14:07:02,293 [main] INFO  (ConfigurationReader.java:57) - Getting the property key {browserType} from the property file
2024-04-03T14:07:02,293 [main] INFO  (Driver.java:29) - Getting a driver instance
2024-04-03T14:07:02,382 [main] INFO  (Driver.java:71) - Closing the browser
2024-04-03T14:08:46,982 [main] INFO  (ConfigurationReader.java:19) - Loading the property file...
2024-04-03T14:08:46,991 [main] INFO  (ConfigurationReader.java:57) - Getting the property key {browserType} from the property file
2024-04-03T14:08:46,992 [main] INFO  (Driver.java:29) - Getting a driver instance
2024-04-03T14:08:46,992 [main] INFO  (Driver.java:34) - Starting a firefox browser
2024-04-03T14:08:55,880 [main] INFO  (ConfigurationReader.java:57) - Getting the property key {browserType} from the property file
2024-04-03T14:08:55,880 [main] INFO  (Driver.java:29) - Getting a driver instance
2024-04-03T14:08:59,962 [main] INFO  (HomePage.java:32) - Getting the Home Page Company Logo
2024-04-03T14:09:00,054 [main] INFO  (ConfigurationReader.java:57) - Getting the property key {browserType} from the property file
2024-04-03T14:09:00,056 [main] INFO  (Driver.java:29) - Getting a driver instance
2024-04-03T14:09:03,249 [main] INFO  (Driver.java:76) - Closing the browser
2024-04-03T14:11:32,555 [main] INFO  (ConfigurationReader.java:19) - Loading the property file...
2024-04-03T14:11:32,563 [main] INFO  (ConfigurationReader.java:57) - Getting the property key {browserType} from the property file
2024-04-03T14:11:32,564 [main] INFO  (Driver.java:29) - Getting a driver instance
2024-04-03T14:11:32,565 [main] INFO  (Driver.java:34) - Starting a firefox browser
2024-04-03T14:11:40,603 [main] INFO  (ConfigurationReader.java:57) - Getting the property key {browserType} from the property file
2024-04-03T14:11:40,603 [main] INFO  (Driver.java:29) - Getting a driver instance
2024-04-03T14:11:45,642 [main] INFO  (HomePage.java:32) - Getting the Home Page Company Logo
2024-04-03T14:11:45,723 [main] INFO  (ConfigurationReader.java:57) - Getting the property key {browserType} from the property file
2024-04-03T14:11:45,723 [main] INFO  (Driver.java:29) - Getting a driver instance
2024-04-03T14:11:48,918 [main] INFO  (Driver.java:76) - Closing the browser
2024-04-03T14:53:50,509 [main] INFO  (Driver.java:76) - Closing the browser
2024-04-03T14:54:48,885 [main] INFO  (ConfigurationReader.java:19) - Loading the property file...
2024-04-03T14:54:48,890 [main] INFO  (ConfigurationReader.java:57) - Getting the property key {browserType} from the property file
2024-04-03T14:54:48,890 [main] INFO  (Driver.java:29) - Getting a driver instance
2024-04-03T14:54:48,891 [main] INFO  (Driver.java:34) - Starting a firefox browser
2024-04-03T14:54:58,218 [main] INFO  (ConfigurationReader.java:57) - Getting the property key {browserType} from the property file
2024-04-03T14:54:58,218 [main] INFO  (Driver.java:29) - Getting a driver instance
2024-04-03T14:55:04,472 [main] INFO  (Driver.java:76) - Closing the browser
2024-04-03T14:55:05,681 [main] INFO  (ConfigurationReader.java:57) - Getting the property key {browserType} from the property file
2024-04-03T14:55:05,681 [main] INFO  (Driver.java:29) - Getting a driver instance
2024-04-03T14:55:05,681 [main] INFO  (Driver.java:34) - Starting a firefox browser
2024-04-03T14:55:13,264 [main] INFO  (ConfigurationReader.java:57) - Getting the property key {browserType} from the property file
2024-04-03T14:55:13,264 [main] INFO  (Driver.java:29) - Getting a driver instance
2024-04-03T14:55:19,484 [main] INFO  (Driver.java:76) - Closing the browser
2024-04-03T14:55:20,498 [main] INFO  (ConfigurationReader.java:57) - Getting the property key {browserType} from the property file
2024-04-03T14:55:20,498 [main] INFO  (Driver.java:29) - Getting a driver instance
2024-04-03T14:55:20,498 [main] INFO  (Driver.java:34) - Starting a firefox browser
2024-04-03T14:55:28,124 [main] INFO  (ConfigurationReader.java:57) - Getting the property key {browserType} from the property file
2024-04-03T14:55:28,124 [main] INFO  (Driver.java:29) - Getting a driver instance
2024-04-03T14:55:35,148 [main] INFO  (HomePage.java:38) - Getting the Home Page Company Logo
2024-04-03T14:55:35,197 [main] INFO  (ConfigurationReader.java:57) - Getting the property key {browserType} from the property file
2024-04-03T14:55:35,197 [main] INFO  (Driver.java:29) - Getting a driver instance
2024-04-03T14:55:40,348 [main] INFO  (Driver.java:76) - Closing the browser
2024-04-03T15:02:49,591 [main] INFO  (ConfigurationReader.java:19) - Loading the property file...
2024-04-03T15:02:49,597 [main] INFO  (ConfigurationReader.java:57) - Getting the property key {browserType} from the property file
2024-04-03T15:02:49,598 [main] INFO  (Driver.java:29) - Getting a driver instance
2024-04-03T15:02:49,598 [main] INFO  (Driver.java:34) - Starting a firefox browser
2024-04-03T15:02:58,571 [main] INFO  (ConfigurationReader.java:57) - Getting the property key {browserType} from the property file
2024-04-03T15:02:58,571 [main] INFO  (Driver.java:29) - Getting a driver instance
2024-04-03T15:03:05,673 [main] INFO  (ConfigurationReader.java:57) - Getting the property key {browserType} from the property file
2024-04-03T15:03:05,673 [main] INFO  (Driver.java:29) - Getting a driver instance
2024-04-03T15:03:10,698 [main] INFO  (ConfigurationReader.java:57) - Getting the property key {browserType} from the property file
2024-04-03T15:03:10,698 [main] INFO  (Driver.java:29) - Getting a driver instance
2024-04-03T15:03:15,709 [main] INFO  (HomePage.java:43) - Clicking on My Account Button on Home Page
2024-04-03T15:03:16,006 [main] INFO  (HomePage.java:47) - Clicking on sign in link on Home Page
2024-04-03T15:03:16,417 [main] INFO  (LoginPage.java:40) - Checking if Sign In is displayed
2024-04-03T15:03:16,478 [main] INFO  (ConfigurationReader.java:57) - Getting the property key {browserType} from the property file
2024-04-03T15:03:16,478 [main] INFO  (Driver.java:29) - Getting a driver instance
2024-04-03T15:03:21,583 [main] INFO  (Driver.java:76) - Closing the browser
2024-04-03T15:03:22,834 [main] INFO  (ConfigurationReader.java:57) - Getting the property key {browserType} from the property file
2024-04-03T15:03:22,834 [main] INFO  (Driver.java:29) - Getting a driver instance
2024-04-03T15:03:22,834 [main] INFO  (Driver.java:34) - Starting a firefox browser
2024-04-03T15:03:30,512 [main] INFO  (ConfigurationReader.java:57) - Getting the property key {browserType} from the property file
2024-04-03T15:03:30,512 [main] INFO  (Driver.java:29) - Getting a driver instance
2024-04-03T15:03:36,518 [main] INFO  (ConfigurationReader.java:57) - Getting the property key {browserType} from the property file
2024-04-03T15:03:36,518 [main] INFO  (Driver.java:29) - Getting a driver instance
2024-04-03T15:03:41,548 [main] INFO  (ConfigurationReader.java:57) - Getting the property key {browserType} from the property file
2024-04-03T15:03:41,549 [main] INFO  (Driver.java:29) - Getting a driver instance
2024-04-03T15:03:46,569 [main] INFO  (HomePage.java:43) - Clicking on My Account Button on Home Page
2024-04-03T15:03:46,843 [main] INFO  (HomePage.java:47) - Clicking on sign in link on Home Page
2024-04-03T15:03:47,236 [main] INFO  (LoginPage.java:49) - Checking if email is displayed
2024-04-03T15:03:47,250 [main] INFO  (ConfigurationReader.java:57) - Getting the property key {browserType} from the property file
2024-04-03T15:03:47,251 [main] INFO  (Driver.java:29) - Getting a driver instance
2024-04-03T15:03:52,346 [main] INFO  (Driver.java:76) - Closing the browser
2024-04-03T15:03:53,461 [main] INFO  (ConfigurationReader.java:57) - Getting the property key {browserType} from the property file
2024-04-03T15:03:53,461 [main] INFO  (Driver.java:29) - Getting a driver instance
2024-04-03T15:03:53,461 [main] INFO  (Driver.java:34) - Starting a firefox browser
2024-04-03T15:04:00,912 [main] INFO  (ConfigurationReader.java:57) - Getting the property key {browserType} from the property file
2024-04-03T15:04:00,912 [main] INFO  (Driver.java:29) - Getting a driver instance
2024-04-03T15:04:06,732 [main] INFO  (HomePage.java:38) - Getting the Home Page Company Logo
2024-04-03T15:04:06,764 [main] INFO  (ConfigurationReader.java:57) - Getting the property key {browserType} from the property file
2024-04-03T15:04:06,764 [main] INFO  (Driver.java:29) - Getting a driver instance
2024-04-03T15:04:11,896 [main] INFO  (Driver.java:76) - Closing the browser
2024-04-03T15:12:29,984 [main] INFO  (ConfigurationReader.java:19) - Loading the property file...
2024-04-03T15:12:29,990 [main] INFO  (ConfigurationReader.java:57) - Getting the property key {browserType} from the property file
2024-04-03T15:12:29,990 [main] INFO  (Driver.java:29) - Getting a driver instance
2024-04-03T15:12:29,990 [main] INFO  (Driver.java:34) - Starting a firefox browser
2024-04-03T15:12:38,842 [main] INFO  (ConfigurationReader.java:57) - Getting the property key {browserType} from the property file
2024-04-03T15:12:38,842 [main] INFO  (Driver.java:29) - Getting a driver instance
2024-04-03T15:12:50,106 [main] INFO  (ConfigurationReader.java:57) - Getting the property key {browserType} from the property file
2024-04-03T15:12:50,106 [main] INFO  (Driver.java:29) - Getting a driver instance
2024-04-03T15:12:55,131 [main] INFO  (ConfigurationReader.java:57) - Getting the property key {browserType} from the property file
2024-04-03T15:12:55,131 [main] INFO  (Driver.java:29) - Getting a driver instance
2024-04-03T15:13:00,148 [main] INFO  (HomePage.java:43) - Clicking on My Account Button on Home Page
2024-04-03T15:13:00,433 [main] INFO  (HomePage.java:47) - Clicking on sign in link on Home Page
2024-04-03T15:13:00,840 [main] INFO  (LoginPage.java:40) - Checking if Sign In is displayed
2024-04-03T15:13:00,885 [main] INFO  (ConfigurationReader.java:57) - Getting the property key {browserType} from the property file
2024-04-03T15:13:00,885 [main] INFO  (Driver.java:29) - Getting a driver instance
2024-04-03T15:13:05,990 [main] INFO  (Driver.java:76) - Closing the browser
2024-04-03T15:13:07,065 [main] INFO  (ConfigurationReader.java:57) - Getting the property key {browserType} from the property file
2024-04-03T15:13:07,066 [main] INFO  (Driver.java:29) - Getting a driver instance
2024-04-03T15:13:07,066 [main] INFO  (Driver.java:34) - Starting a firefox browser
2024-04-03T15:13:14,668 [main] INFO  (ConfigurationReader.java:57) - Getting the property key {browserType} from the property file
2024-04-03T15:13:14,668 [main] INFO  (Driver.java:29) - Getting a driver instance
2024-04-03T15:13:25,594 [main] INFO  (ConfigurationReader.java:57) - Getting the property key {browserType} from the property file
2024-04-03T15:13:25,594 [main] INFO  (Driver.java:29) - Getting a driver instance
2024-04-03T15:13:30,612 [main] INFO  (ConfigurationReader.java:57) - Getting the property key {browserType} from the property file
2024-04-03T15:13:30,612 [main] INFO  (Driver.java:29) - Getting a driver instance
2024-04-03T15:13:35,634 [main] INFO  (HomePage.java:43) - Clicking on My Account Button on Home Page
2024-04-03T15:13:35,917 [main] INFO  (HomePage.java:47) - Clicking on sign in link on Home Page
2024-04-03T15:13:36,325 [main] INFO  (LoginPage.java:49) - Checking if email is displayed
2024-04-03T15:13:36,346 [main] INFO  (ConfigurationReader.java:57) - Getting the property key {browserType} from the property file
2024-04-03T15:13:36,346 [main] INFO  (Driver.java:29) - Getting a driver instance
2024-04-03T15:13:41,427 [main] INFO  (Driver.java:76) - Closing the browser
2024-04-03T15:13:42,447 [main] INFO  (ConfigurationReader.java:57) - Getting the property key {browserType} from the property file
2024-04-03T15:13:42,447 [main] INFO  (Driver.java:29) - Getting a driver instance
2024-04-03T15:13:42,448 [main] INFO  (Driver.java:34) - Starting a firefox browser
2024-04-03T15:13:49,906 [main] INFO  (ConfigurationReader.java:57) - Getting the property key {browserType} from the property file
2024-04-03T15:13:49,906 [main] INFO  (Driver.java:29) - Getting a driver instance
2024-04-03T15:14:01,395 [main] INFO  (HomePage.java:38) - Getting the Home Page Company Logo
2024-04-03T15:14:01,442 [main] INFO  (ConfigurationReader.java:57) - Getting the property key {browserType} from the property file
2024-04-03T15:14:01,443 [main] INFO  (Driver.java:29) - Getting a driver instance
2024-04-03T15:14:06,549 [main] INFO  (Driver.java:76) - Closing the browser
2024-04-03T15:20:29,697 [main] INFO  (ConfigurationReader.java:19) - Loading the property file...
2024-04-03T15:20:29,702 [main] INFO  (ConfigurationReader.java:57) - Getting the property key {browserType} from the property file
2024-04-03T15:20:29,703 [main] INFO  (Driver.java:29) - Getting a driver instance
2024-04-03T15:20:29,703 [main] INFO  (Driver.java:34) - Starting a firefox browser
2024-04-03T15:20:38,655 [main] INFO  (ConfigurationReader.java:57) - Getting the property key {browserType} from the property file
2024-04-03T15:20:38,655 [main] INFO  (Driver.java:29) - Getting a driver instance
2024-04-03T15:20:49,816 [main] INFO  (ConfigurationReader.java:57) - Getting the property key {browserType} from the property file
2024-04-03T15:20:49,817 [main] INFO  (Driver.java:29) - Getting a driver instance
2024-04-03T15:20:54,836 [main] INFO  (ConfigurationReader.java:57) - Getting the property key {browserType} from the property file
2024-04-03T15:20:54,836 [main] INFO  (Driver.java:29) - Getting a driver instance
2024-04-03T15:20:59,853 [main] INFO  (HomePage.java:43) - Clicking on My Account Button on Home Page
2024-04-03T15:21:00,140 [main] INFO  (HomePage.java:47) - Clicking on sign in link on Home Page
2024-04-03T15:21:00,555 [main] INFO  (LoginPage.java:40) - Checking if Sign In is displayed
2024-04-03T15:21:00,599 [main] INFO  (ConfigurationReader.java:57) - Getting the property key {browserType} from the property file
2024-04-03T15:21:00,599 [main] INFO  (Driver.java:29) - Getting a driver instance
2024-04-03T15:21:05,698 [main] INFO  (Driver.java:76) - Closing the browser
2024-04-03T15:21:06,946 [main] INFO  (ConfigurationReader.java:57) - Getting the property key {browserType} from the property file
2024-04-03T15:21:06,947 [main] INFO  (Driver.java:29) - Getting a driver instance
2024-04-03T15:21:06,947 [main] INFO  (Driver.java:34) - Starting a firefox browser
2024-04-03T15:21:14,391 [main] INFO  (ConfigurationReader.java:57) - Getting the property key {browserType} from the property file
2024-04-03T15:21:14,391 [main] INFO  (Driver.java:29) - Getting a driver instance
2024-04-03T15:21:25,269 [main] INFO  (ConfigurationReader.java:57) - Getting the property key {browserType} from the property file
2024-04-03T15:21:25,270 [main] INFO  (Driver.java:29) - Getting a driver instance
2024-04-03T15:21:30,282 [main] INFO  (ConfigurationReader.java:57) - Getting the property key {browserType} from the property file
2024-04-03T15:21:30,282 [main] INFO  (Driver.java:29) - Getting a driver instance
2024-04-03T15:21:35,294 [main] INFO  (HomePage.java:43) - Clicking on My Account Button on Home Page
2024-04-03T15:21:35,583 [main] INFO  (HomePage.java:47) - Clicking on sign in link on Home Page
2024-04-03T15:21:36,064 [main] INFO  (LoginPage.java:49) - Checking if email is displayed
2024-04-03T15:21:36,085 [main] INFO  (ConfigurationReader.java:57) - Getting the property key {browserType} from the property file
2024-04-03T15:21:36,086 [main] INFO  (Driver.java:29) - Getting a driver instance
2024-04-03T15:21:41,170 [main] INFO  (Driver.java:76) - Closing the browser
2024-04-03T15:21:42,272 [main] INFO  (ConfigurationReader.java:57) - Getting the property key {browserType} from the property file
2024-04-03T15:21:42,273 [main] INFO  (Driver.java:29) - Getting a driver instance
2024-04-03T15:21:42,273 [main] INFO  (Driver.java:34) - Starting a firefox browser
2024-04-03T15:21:49,811 [main] INFO  (ConfigurationReader.java:57) - Getting the property key {browserType} from the property file
2024-04-03T15:21:49,811 [main] INFO  (Driver.java:29) - Getting a driver instance
2024-04-03T15:22:00,795 [main] INFO  (HomePage.java:38) - Getting the Home Page Company Logo
2024-04-03T15:22:00,842 [main] INFO  (Driver.java:76) - Closing the browser
2024-04-03T15:27:32,504 [main] INFO  (ConfigurationReader.java:19) - Loading the property file...
2024-04-03T15:27:32,509 [main] INFO  (ConfigurationReader.java:57) - Getting the property key {browserType} from the property file
2024-04-03T15:27:32,510 [main] INFO  (Driver.java:29) - Getting a driver instance
2024-04-03T15:27:32,510 [main] INFO  (Driver.java:34) - Starting a firefox browser
2024-04-03T15:27:41,314 [main] INFO  (ConfigurationReader.java:57) - Getting the property key {browserType} from the property file
2024-04-03T15:27:41,315 [main] INFO  (Driver.java:29) - Getting a driver instance
2024-04-03T15:27:52,658 [main] INFO  (ConfigurationReader.java:57) - Getting the property key {browserType} from the property file
2024-04-03T15:27:52,659 [main] INFO  (Driver.java:29) - Getting a driver instance
2024-04-03T15:27:57,677 [main] INFO  (ConfigurationReader.java:57) - Getting the property key {browserType} from the property file
2024-04-03T15:27:57,677 [main] INFO  (Driver.java:29) - Getting a driver instance
2024-04-03T15:28:02,690 [main] INFO  (HomePage.java:43) - Clicking on My Account Button on Home Page
2024-04-03T15:28:02,973 [main] INFO  (HomePage.java:47) - Clicking on sign in link on Home Page
2024-04-03T15:28:03,384 [main] INFO  (LoginPage.java:40) - Checking if Sign In is displayed
2024-04-03T15:28:03,440 [main] INFO  (ConfigurationReader.java:57) - Getting the property key {browserType} from the property file
2024-04-03T15:28:03,441 [main] INFO  (Driver.java:29) - Getting a driver instance
2024-04-03T15:28:08,552 [main] INFO  (Driver.java:76) - Closing the browser
2024-04-03T15:28:09,810 [main] INFO  (ConfigurationReader.java:57) - Getting the property key {browserType} from the property file
2024-04-03T15:28:09,810 [main] INFO  (Driver.java:29) - Getting a driver instance
2024-04-03T15:28:09,811 [main] INFO  (Driver.java:34) - Starting a firefox browser
2024-04-03T15:28:17,422 [main] INFO  (ConfigurationReader.java:57) - Getting the property key {browserType} from the property file
2024-04-03T15:28:17,423 [main] INFO  (Driver.java:29) - Getting a driver instance
2024-04-03T15:28:28,094 [main] INFO  (ConfigurationReader.java:57) - Getting the property key {browserType} from the property file
2024-04-03T15:28:28,095 [main] INFO  (Driver.java:29) - Getting a driver instance
2024-04-03T15:28:33,111 [main] INFO  (ConfigurationReader.java:57) - Getting the property key {browserType} from the property file
2024-04-03T15:28:33,111 [main] INFO  (Driver.java:29) - Getting a driver instance
2024-04-03T15:28:38,126 [main] INFO  (HomePage.java:43) - Clicking on My Account Button on Home Page
2024-04-03T15:28:38,405 [main] INFO  (HomePage.java:47) - Clicking on sign in link on Home Page
2024-04-03T15:28:38,797 [main] INFO  (LoginPage.java:49) - Checking if email is displayed
2024-04-03T15:28:38,810 [main] INFO  (ConfigurationReader.java:57) - Getting the property key {browserType} from the property file
2024-04-03T15:28:38,810 [main] INFO  (Driver.java:29) - Getting a driver instance
2024-04-03T15:28:43,897 [main] INFO  (Driver.java:76) - Closing the browser
